
  .   ____          _            __ _ _
 /\\ / ___'_ __ _ _(_)_ __  __ _ \ \ \ \
( ( )\___ | '_ | '_| | '_ \/ _` | \ \ \ \
 \\/  ___)| |_)| | | | | || (_| |  ) ) ) )
  '  |____| .__|_| |_|_| |_\__, | / / / /
 =========|_|==============|___/=/_/_/_/

 :: Spring Boot ::                (v3.3.5)

2026-06-02T10:07:59.322+08:00  INFO 10000 --- [weiyou-app-server] [           main] c.w.boot.app.WeiyouAppServerApplication  : Starting WeiyouAppServerApplication v0.1.0-SNAPSHOT using Java 21.0.7 with PID 10000 (C:\openCode-AI\wei-you\weiyou-app\weiyou-backend\weiyou-boot\weiyou-app-server\target\weiyou-app-server-0.1.0-SNAPSHOT.jar started by admin in C:\openCode-AI\wei-you\weiyou-app)
2026-06-02T10:07:59.326+08:00  INFO 10000 --- [weiyou-app-server] [           main] c.w.boot.app.WeiyouAppServerApplication  : No active profile set, falling back to 1 default profile: "default"
2026-06-02T10:08:03.811+08:00  INFO 10000 --- [weiyou-app-server] [           main] .s.d.r.c.RepositoryConfigurationDelegate : Multiple Spring Data modules found, entering strict repository configuration mode
2026-06-02T10:08:03.816+08:00  INFO 10000 --- [weiyou-app-server] [           main] .s.d.r.c.RepositoryConfigurationDelegate : Bootstrapping Spring Data Redis repositories in DEFAULT mode.
2026-06-02T10:08:03.903+08:00  INFO 10000 --- [weiyou-app-server] [           main] .s.d.r.c.RepositoryConfigurationDelegate : Finished Spring Data repository scanning in 48 ms. Found 0 Redis repository interfaces.
2026-06-02T10:08:05.572+08:00  INFO 10000 --- [weiyou-app-server] [           main] o.s.b.w.embedded.tomcat.TomcatWebServer  : Tomcat initialized with port 19080 (http)
2026-06-02T10:08:05.597+08:00  INFO 10000 --- [weiyou-app-server] [           main] o.apache.catalina.core.StandardService   : Starting service [Tomcat]
2026-06-02T10:08:05.597+08:00  INFO 10000 --- [weiyou-app-server] [           main] o.apache.catalina.core.StandardEngine    : Starting Servlet engine: [Apache Tomcat/10.1.31]
2026-06-02T10:08:05.664+08:00  INFO 10000 --- [weiyou-app-server] [           main] o.a.c.c.C.[Tomcat].[localhost].[/api]    : Initializing Spring embedded WebApplicationContext
2026-06-02T10:08:05.666+08:00  INFO 10000 --- [weiyou-app-server] [           main] w.s.c.ServletWebServerApplicationContext : Root WebApplicationContext: initialization completed in 6223 ms
2026-06-02T10:08:11.553+08:00  WARN 10000 --- [weiyou-app-server] [           main] .s.s.UserDetailsServiceAutoConfiguration : 

Using generated security password: 64f88457-976d-4f1f-b2aa-d9ee6defa0d0

This generated password is for development use only. Your security configuration must be updated before running your application in production.

2026-06-02T10:08:11.568+08:00  INFO 10000 --- [weiyou-app-server] [           main] r$InitializeUserDetailsManagerConfigurer : Global AuthenticationManager configured with UserDetailsService bean with name inMemoryUserDetailsManager
2026-06-02T10:08:12.636+08:00  INFO 10000 --- [weiyou-app-server] [           main] o.s.b.a.e.web.EndpointLinksResolver      : Exposing 2 endpoints beneath base path '/actuator'
2026-06-02T10:08:13.417+08:00  INFO 10000 --- [weiyou-app-server] [           main] o.s.b.w.embedded.tomcat.TomcatWebServer  : Tomcat started on port 19080 (http) with context path '/api'
2026-06-02T10:08:13.434+08:00  INFO 10000 --- [weiyou-app-server] [           main] c.w.boot.app.WeiyouAppServerApplication  : Started WeiyouAppServerApplication in 15.334 seconds (process running for 16.247)
2026-06-02T10:08:55.303+08:00  INFO 10000 --- [weiyou-app-server] [io-19080-exec-1] o.a.c.c.C.[Tomcat].[localhost].[/api]    : Initializing Spring DispatcherServlet 'dispatcherServlet'
2026-06-02T10:08:55.303+08:00  INFO 10000 --- [weiyou-app-server] [io-19080-exec-1] o.s.web.servlet.DispatcherServlet        : Initializing Servlet 'dispatcherServlet'
2026-06-02T10:08:55.304+08:00  INFO 10000 --- [weiyou-app-server] [io-19080-exec-1] o.s.web.servlet.DispatcherServlet        : Completed initialization in 1 ms
2026-06-02T10:08:55.737+08:00  INFO 10000 --- [weiyou-app-server] [io-19080-exec-1] com.zaxxer.hikari.HikariDataSource       : HikariPool-1 - Starting...
2026-06-02T10:08:55.772+08:00  INFO 10000 --- [weiyou-app-server] [io-19080-exec-1] com.zaxxer.hikari.HikariDataSource       : HikariPool-1 - Start completed.
