[INFO] Scanning for projects...
[INFO] 
[INFO] --------------------< com.weiyou:weiyou-app-server >--------------------
[INFO] Building weiyou-app-server 0.1.0-SNAPSHOT
[INFO]   from pom.xml
[INFO] --------------------------------[ jar ]---------------------------------
[INFO] 
[INFO] >>> spring-boot:3.3.5:run (default-cli) > test-compile @ weiyou-app-server >>>
[INFO] 
[INFO] --- resources:3.3.1:resources (default-resources) @ weiyou-app-server ---
[INFO] Copying 1 resource from src\main\resources to target\classes
[INFO] Copying 0 resource from src\main\resources to target\classes
[INFO] 
[INFO] --- compiler:3.13.0:compile (default-compile) @ weiyou-app-server ---
[INFO] Nothing to compile - all classes are up to date.
[INFO] 
[INFO] --- resources:3.3.1:testResources (default-testResources) @ weiyou-app-server ---
[INFO] skip non existing resourceDirectory C:\openCode-AI\wei-you\weiyou-app\weiyou-backend\weiyou-boot\weiyou-app-server\src\test\resources
[INFO] 
[INFO] --- compiler:3.13.0:testCompile (default-testCompile) @ weiyou-app-server ---
[INFO] No sources to compile
[INFO] 
[INFO] <<< spring-boot:3.3.5:run (default-cli) < test-compile @ weiyou-app-server <<<
[INFO] 
[INFO] 
[INFO] --- spring-boot:3.3.5:run (default-cli) @ weiyou-app-server ---
[INFO] Attaching agents: []

  .   ____          _            __ _ _
 /\\ / ___'_ __ _ _(_)_ __  __ _ \ \ \ \
( ( )\___ | '_ | '_| | '_ \/ _` | \ \ \ \
 \\/  ___)| |_)| | | | | || (_| |  ) ) ) )
  '  |____| .__|_| |_|_| |_\__, | / / / /
 =========|_|==============|___/=/_/_/_/

 :: Spring Boot ::                (v3.3.5)

2026-06-01T18:37:15.565+08:00  INFO 183988 --- [weiyou-app-server] [           main] c.w.boot.app.WeiyouAppServerApplication  : Starting WeiyouAppServerApplication using Java 21.0.7 with PID 183988 (C:\openCode-AI\wei-you\weiyou-app\weiyou-backend\weiyou-boot\weiyou-app-server\target\classes started by admin in C:\openCode-AI\wei-you\weiyou-app\weiyou-backend\weiyou-boot\weiyou-app-server)
2026-06-01T18:37:15.567+08:00  INFO 183988 --- [weiyou-app-server] [           main] c.w.boot.app.WeiyouAppServerApplication  : No active profile set, falling back to 1 default profile: "default"
2026-06-01T18:37:17.061+08:00  INFO 183988 --- [weiyou-app-server] [           main] .s.d.r.c.RepositoryConfigurationDelegate : Multiple Spring Data modules found, entering strict repository configuration mode
2026-06-01T18:37:17.064+08:00  INFO 183988 --- [weiyou-app-server] [           main] .s.d.r.c.RepositoryConfigurationDelegate : Bootstrapping Spring Data Redis repositories in DEFAULT mode.
2026-06-01T18:37:17.098+08:00  INFO 183988 --- [weiyou-app-server] [           main] .s.d.r.c.RepositoryConfigurationDelegate : Finished Spring Data repository scanning in 16 ms. Found 0 Redis repository interfaces.
2026-06-01T18:37:17.976+08:00  INFO 183988 --- [weiyou-app-server] [           main] o.s.b.w.embedded.tomcat.TomcatWebServer  : Tomcat initialized with port 19080 (http)
2026-06-01T18:37:17.998+08:00  INFO 183988 --- [weiyou-app-server] [           main] o.apache.catalina.core.StandardService   : Starting service [Tomcat]
2026-06-01T18:37:17.998+08:00  INFO 183988 --- [weiyou-app-server] [           main] o.apache.catalina.core.StandardEngine    : Starting Servlet engine: [Apache Tomcat/10.1.31]
2026-06-01T18:37:18.106+08:00  INFO 183988 --- [weiyou-app-server] [           main] o.a.c.c.C.[Tomcat].[localhost].[/api]    : Initializing Spring embedded WebApplicationContext
2026-06-01T18:37:18.107+08:00  INFO 183988 --- [weiyou-app-server] [           main] w.s.c.ServletWebServerApplicationContext : Root WebApplicationContext: initialization completed in 2473 ms
2026-06-01T18:37:19.813+08:00  WARN 183988 --- [weiyou-app-server] [           main] .s.s.UserDetailsServiceAutoConfiguration : 

Using generated security password: 9199c311-0b79-4c51-9160-61d1fd9b6430

This generated password is for development use only. Your security configuration must be updated before running your application in production.

2026-06-01T18:37:19.823+08:00  INFO 183988 --- [weiyou-app-server] [           main] r$InitializeUserDetailsManagerConfigurer : Global AuthenticationManager configured with UserDetailsService bean with name inMemoryUserDetailsManager
2026-06-01T18:37:20.173+08:00  INFO 183988 --- [weiyou-app-server] [           main] o.s.b.a.e.web.EndpointLinksResolver      : Exposing 2 endpoints beneath base path '/actuator'
2026-06-01T18:37:20.778+08:00  INFO 183988 --- [weiyou-app-server] [           main] o.s.b.w.embedded.tomcat.TomcatWebServer  : Tomcat started on port 19080 (http) with context path '/api'
2026-06-01T18:37:20.792+08:00  INFO 183988 --- [weiyou-app-server] [           main] c.w.boot.app.WeiyouAppServerApplication  : Started WeiyouAppServerApplication in 5.793 seconds (process running for 6.424)
2026-06-01T18:38:12.571+08:00  INFO 183988 --- [weiyou-app-server] [io-19080-exec-3] o.a.c.c.C.[Tomcat].[localhost].[/api]    : Initializing Spring DispatcherServlet 'dispatcherServlet'
2026-06-01T18:38:12.571+08:00  INFO 183988 --- [weiyou-app-server] [io-19080-exec-3] o.s.web.servlet.DispatcherServlet        : Initializing Servlet 'dispatcherServlet'
2026-06-01T18:38:12.573+08:00  INFO 183988 --- [weiyou-app-server] [io-19080-exec-3] o.s.web.servlet.DispatcherServlet        : Completed initialization in 2 ms
2026-06-01T18:38:12.691+08:00  INFO 183988 --- [weiyou-app-server] [io-19080-exec-3] com.zaxxer.hikari.HikariDataSource       : HikariPool-1 - Starting...
2026-06-01T18:38:12.719+08:00  INFO 183988 --- [weiyou-app-server] [io-19080-exec-3] com.zaxxer.hikari.HikariDataSource       : HikariPool-1 - Start completed.
