[INFO] Scanning for projects...
[INFO] 
[INFO] --------------------< com.weiyou:weiyou-app-server >--------------------
[INFO] Building weiyou-app-server 0.1.0-SNAPSHOT
[INFO]   from pom.xml
[INFO] --------------------------------[ jar ]---------------------------------
[INFO] 
[INFO] >>> spring-boot:3.3.5:run (default-cli) > test-compile @ weiyou-app-server >>>
[INFO] 
[INFO] --- resources:3.3.1:resources (default-resources) @ weiyou-app-server ---
[INFO] Copying 1 resource from src\main\resources to target\classes
[INFO] Copying 0 resource from src\main\resources to target\classes
[INFO] 
[INFO] --- compiler:3.13.0:compile (default-compile) @ weiyou-app-server ---
[INFO] Nothing to compile - all classes are up to date.
[INFO] 
[INFO] --- resources:3.3.1:testResources (default-testResources) @ weiyou-app-server ---
[INFO] skip non existing resourceDirectory C:\openCode-AI\wei-you\weiyou-app\weiyou-backend\weiyou-boot\weiyou-app-server\src\test\resources
[INFO] 
[INFO] --- compiler:3.13.0:testCompile (default-testCompile) @ weiyou-app-server ---
[INFO] No sources to compile
[INFO] 
[INFO] <<< spring-boot:3.3.5:run (default-cli) < test-compile @ weiyou-app-server <<<
[INFO] 
[INFO] 
[INFO] --- spring-boot:3.3.5:run (default-cli) @ weiyou-app-server ---
[INFO] Attaching agents: []

  .   ____          _            __ _ _
 /\\ / ___'_ __ _ _(_)_ __  __ _ \ \ \ \
( ( )\___ | '_ | '_| | '_ \/ _` | \ \ \ \
 \\/  ___)| |_)| | | | | || (_| |  ) ) ) )
  '  |____| .__|_| |_|_| |_\__, | / / / /
 =========|_|==============|___/=/_/_/_/

 :: Spring Boot ::                (v3.3.5)

2026-05-19T11:13:15.808+08:00  INFO 191392 --- [weiyou-app-server] [           main] c.w.boot.app.WeiyouAppServerApplication  : Starting WeiyouAppServerApplication using Java 21.0.7 with PID 191392 (C:\openCode-AI\wei-you\weiyou-app\weiyou-backend\weiyou-boot\weiyou-app-server\target\classes started by admin in C:\openCode-AI\wei-you\weiyou-app\weiyou-backend\weiyou-boot\weiyou-app-server)
2026-05-19T11:13:15.811+08:00  INFO 191392 --- [weiyou-app-server] [           main] c.w.boot.app.WeiyouAppServerApplication  : No active profile set, falling back to 1 default profile: "default"
2026-05-19T11:13:17.273+08:00  INFO 191392 --- [weiyou-app-server] [           main] .s.d.r.c.RepositoryConfigurationDelegate : Multiple Spring Data modules found, entering strict repository configuration mode
2026-05-19T11:13:17.277+08:00  INFO 191392 --- [weiyou-app-server] [           main] .s.d.r.c.RepositoryConfigurationDelegate : Bootstrapping Spring Data Redis repositories in DEFAULT mode.
2026-05-19T11:13:17.307+08:00  INFO 191392 --- [weiyou-app-server] [           main] .s.d.r.c.RepositoryConfigurationDelegate : Finished Spring Data repository scanning in 14 ms. Found 0 Redis repository interfaces.
2026-05-19T11:13:18.128+08:00  INFO 191392 --- [weiyou-app-server] [           main] o.s.b.w.embedded.tomcat.TomcatWebServer  : Tomcat initialized with port 8080 (http)
2026-05-19T11:13:18.147+08:00  INFO 191392 --- [weiyou-app-server] [           main] o.apache.catalina.core.StandardService   : Starting service [Tomcat]
2026-05-19T11:13:18.147+08:00  INFO 191392 --- [weiyou-app-server] [           main] o.apache.catalina.core.StandardEngine    : Starting Servlet engine: [Apache Tomcat/10.1.31]
2026-05-19T11:13:18.235+08:00  INFO 191392 --- [weiyou-app-server] [           main] o.a.c.c.C.[Tomcat].[localhost].[/api]    : Initializing Spring embedded WebApplicationContext
2026-05-19T11:13:18.236+08:00  INFO 191392 --- [weiyou-app-server] [           main] w.s.c.ServletWebServerApplicationContext : Root WebApplicationContext: initialization completed in 2353 ms
2026-05-19T11:13:19.770+08:00  WARN 191392 --- [weiyou-app-server] [           main] .s.s.UserDetailsServiceAutoConfiguration : 

Using generated security password: d38aa68c-444f-4d5d-906c-059de85b2540

This generated password is for development use only. Your security configuration must be updated before running your application in production.

2026-05-19T11:13:19.778+08:00  INFO 191392 --- [weiyou-app-server] [           main] r$InitializeUserDetailsManagerConfigurer : Global AuthenticationManager configured with UserDetailsService bean with name inMemoryUserDetailsManager
2026-05-19T11:13:20.104+08:00  INFO 191392 --- [weiyou-app-server] [           main] o.s.b.a.e.web.EndpointLinksResolver      : Exposing 2 endpoints beneath base path '/actuator'
2026-05-19T11:13:20.618+08:00  WARN 191392 --- [weiyou-app-server] [           main] ConfigServletWebServerApplicationContext : Exception encountered during context initialization - cancelling refresh attempt: org.springframework.context.ApplicationContextException: Failed to start bean 'webServerStartStop'
2026-05-19T11:13:20.642+08:00  INFO 191392 --- [weiyou-app-server] [           main] .s.b.a.l.ConditionEvaluationReportLogger : 

Error starting ApplicationContext. To display the condition evaluation report re-run your application with 'debug' enabled.
2026-05-19T11:13:20.661+08:00 ERROR 191392 --- [weiyou-app-server] [           main] o.s.b.d.LoggingFailureAnalysisReporter   : 

***************************
APPLICATION FAILED TO START
***************************

Description:

Web server failed to start. Port 8080 was already in use.

Action:

Identify and stop the process that's listening on port 8080 or configure this application to listen on another port.

[INFO] ------------------------------------------------------------------------
[INFO] BUILD FAILURE
[INFO] ------------------------------------------------------------------------
[INFO] Total time:  9.812 s
[INFO] Finished at: 2026-05-19T11:13:21+08:00
[INFO] ------------------------------------------------------------------------
[ERROR] Failed to execute goal org.springframework.boot:spring-boot-maven-plugin:3.3.5:run (default-cli) on project weiyou-app-server: Process terminated with exit code: 1 -> [Help 1]
[ERROR] 
[ERROR] To see the full stack trace of the errors, re-run Maven with the -e switch.
[ERROR] Re-run Maven using the -X switch to enable full debug logging.
[ERROR] 
[ERROR] For more information about the errors and possible solutions, please read the following articles:
[ERROR] [Help 1] http://cwiki.apache.org/confluence/display/MAVEN/MojoExecutionException
