
  .   ____          _            __ _ _
 /\\ / ___'_ __ _ _(_)_ __  __ _ \ \ \ \
( ( )\___ | '_ | '_| | '_ \/ _` | \ \ \ \
 \\/  ___)| |_)| | | | | || (_| |  ) ) ) )
  '  |____| .__|_| |_|_| |_\__, | / / / /
 =========|_|==============|___/=/_/_/_/

 :: Spring Boot ::                (v3.3.5)

2026-06-02T16:49:55.871+08:00  INFO 58240 --- [weiyou-app-server] [           main] c.w.boot.app.WeiyouAppServerApplication  : Starting WeiyouAppServerApplication v0.1.0-SNAPSHOT using Java 21.0.7 with PID 58240 (C:\openCode-AI\wei-you\weiyou-app\weiyou-backend\weiyou-boot\weiyou-app-server\target\weiyou-app-server-0.1.0-SNAPSHOT.jar started by admin in C:\openCode-AI\wei-you\weiyou-app)
2026-06-02T16:49:55.893+08:00  INFO 58240 --- [weiyou-app-server] [           main] c.w.boot.app.WeiyouAppServerApplication  : No active profile set, falling back to 1 default profile: "default"
2026-06-02T16:49:59.447+08:00  INFO 58240 --- [weiyou-app-server] [           main] .s.d.r.c.RepositoryConfigurationDelegate : Multiple Spring Data modules found, entering strict repository configuration mode
2026-06-02T16:49:59.452+08:00  INFO 58240 --- [weiyou-app-server] [           main] .s.d.r.c.RepositoryConfigurationDelegate : Bootstrapping Spring Data Redis repositories in DEFAULT mode.
2026-06-02T16:49:59.533+08:00  INFO 58240 --- [weiyou-app-server] [           main] .s.d.r.c.RepositoryConfigurationDelegate : Finished Spring Data repository scanning in 46 ms. Found 0 Redis repository interfaces.
2026-06-02T16:50:01.585+08:00  INFO 58240 --- [weiyou-app-server] [           main] o.s.b.w.embedded.tomcat.TomcatWebServer  : Tomcat initialized with port 18080 (http)
2026-06-02T16:50:01.619+08:00  INFO 58240 --- [weiyou-app-server] [           main] o.apache.catalina.core.StandardService   : Starting service [Tomcat]
2026-06-02T16:50:01.620+08:00  INFO 58240 --- [weiyou-app-server] [           main] o.apache.catalina.core.StandardEngine    : Starting Servlet engine: [Apache Tomcat/10.1.31]
2026-06-02T16:50:01.768+08:00  INFO 58240 --- [weiyou-app-server] [           main] o.a.c.c.C.[Tomcat].[localhost].[/api]    : Initializing Spring embedded WebApplicationContext
2026-06-02T16:50:01.770+08:00  INFO 58240 --- [weiyou-app-server] [           main] w.s.c.ServletWebServerApplicationContext : Root WebApplicationContext: initialization completed in 5761 ms
2026-06-02T16:50:06.870+08:00  WARN 58240 --- [weiyou-app-server] [           main] .s.s.UserDetailsServiceAutoConfiguration : 

Using generated security password: 4a0b0796-6a49-4754-94ea-94fa4ee472bf

This generated password is for development use only. Your security configuration must be updated before running your application in production.

2026-06-02T16:50:06.897+08:00  INFO 58240 --- [weiyou-app-server] [           main] r$InitializeUserDetailsManagerConfigurer : Global AuthenticationManager configured with UserDetailsService bean with name inMemoryUserDetailsManager
2026-06-02T16:50:08.311+08:00  INFO 58240 --- [weiyou-app-server] [           main] o.s.b.a.e.web.EndpointLinksResolver      : Exposing 2 endpoints beneath base path '/actuator'
2026-06-02T16:50:09.361+08:00  INFO 58240 --- [weiyou-app-server] [           main] o.s.b.w.embedded.tomcat.TomcatWebServer  : Tomcat started on port 18080 (http) with context path '/api'
2026-06-02T16:50:09.376+08:00  INFO 58240 --- [weiyou-app-server] [           main] c.w.boot.app.WeiyouAppServerApplication  : Started WeiyouAppServerApplication in 14.662 seconds (process running for 15.706)
2026-06-02T16:52:28.064+08:00  INFO 58240 --- [weiyou-app-server] [io-18080-exec-1] o.a.c.c.C.[Tomcat].[localhost].[/api]    : Initializing Spring DispatcherServlet 'dispatcherServlet'
2026-06-02T16:52:28.064+08:00  INFO 58240 --- [weiyou-app-server] [io-18080-exec-1] o.s.web.servlet.DispatcherServlet        : Initializing Servlet 'dispatcherServlet'
2026-06-02T16:52:28.065+08:00  INFO 58240 --- [weiyou-app-server] [io-18080-exec-1] o.s.web.servlet.DispatcherServlet        : Completed initialization in 1 ms
2026-06-02T16:52:28.472+08:00  INFO 58240 --- [weiyou-app-server] [io-18080-exec-1] com.zaxxer.hikari.HikariDataSource       : HikariPool-1 - Starting...
2026-06-02T16:52:28.501+08:00  INFO 58240 --- [weiyou-app-server] [io-18080-exec-1] com.zaxxer.hikari.HikariDataSource       : HikariPool-1 - Start completed.
