
> weiyou-frontend@0.1.0 dev:h5
> cross-env UNI_INPUT_DIR=. uni -p h5 --host 0.0.0.0

请注意运行模式下，因日志输出、sourcemap 以及未压缩源码等原因，性能和包体积，均不及发行模式。
vite是按需编译，运行时点击某个未编译页面会先编译后加载，导致显示较慢，发行后无此问题。
编译器版本：5.08（vue3）
正在编译中...
[36m
  vite v5.2.8[39m[32m dev server running at:
[39m
  [32m➜[39m  [1mLocal[22m:   [36mhttp://localhost:[1m5173[22m/[39m
  [32m➜[39m  [1mNetwork[22m: [36mhttp://192.168.9.188:[1m5173[22m/[39m
  [32m➜[39m  [1mNetwork[22m: [36mhttp://192.168.200.113:[1m5173[22m/[39m

  [36mready in 3450ms.[39m

DEPRECATION WARNING [legacy-js-api]: The legacy JS API is deprecated and will be removed in Dart Sass 2.0.0.

More info: https://sass-lang.com/d/legacy-js-api

DEPRECATION WARNING [import]: Sass @import rules are deprecated and will be removed in Dart Sass 3.0.0.

More info and automated migrator: https://sass-lang.com/d/import

   ╷
41 │ @import "./uni.scss";
   │         ^^^^^^^^^^^^
   ╵
    App.vue 41:9  root stylesheet

