::ffff:127.0.0.1 - - [01/Jun/2026 14:08:42] "GET / HTTP/1.1" 200 -
::1 - - [01/Jun/2026 14:08:42] "GET / HTTP/1.1" 304 -
::1 - - [01/Jun/2026 14:08:42] "GET /assets/index-sJr6z5on.js HTTP/1.1" 200 -
::1 - - [01/Jun/2026 14:08:42] "GET /assets/index-D8G6cVLp.css HTTP/1.1" 200 -
::1 - - [01/Jun/2026 14:09:02] "GET / HTTP/1.1" 200 -
::1 - - [01/Jun/2026 14:09:27] "GET / HTTP/1.1" 200 -
::1 - - [01/Jun/2026 14:09:27] "GET /assets/index-sJr6z5on.js HTTP/1.1" 200 -
::1 - - [01/Jun/2026 14:09:27] "GET /assets/index-D8G6cVLp.css HTTP/1.1" 200 -
::1 - - [01/Jun/2026 14:09:27] code 404, message File not found
::1 - - [01/Jun/2026 14:09:27] "GET /favicon.ico HTTP/1.1" 404 -
::1 - - [01/Jun/2026 14:09:57] "GET / HTTP/1.1" 200 -
::1 - - [01/Jun/2026 14:09:57] "GET /assets/index-sJr6z5on.js HTTP/1.1" 200 -
::1 - - [01/Jun/2026 14:09:57] "GET /assets/index-D8G6cVLp.css HTTP/1.1" 200 -
::1 - - [01/Jun/2026 14:17:21] "GET / HTTP/1.1" 200 -
::1 - - [01/Jun/2026 14:17:21] "GET /assets/index-DaSGNW7z.js HTTP/1.1" 200 -
::1 - - [01/Jun/2026 14:17:21] "GET /assets/index-D8G6cVLp.css HTTP/1.1" 200 -
::1 - - [01/Jun/2026 14:17:21] code 404, message File not found
::1 - - [01/Jun/2026 14:17:21] "GET /favicon.ico HTTP/1.1" 404 -
::1 - - [01/Jun/2026 14:17:54] "GET / HTTP/1.1" 200 -
::1 - - [01/Jun/2026 14:17:54] "GET /assets/index-DaSGNW7z.js HTTP/1.1" 200 -
::1 - - [01/Jun/2026 14:17:54] "GET /assets/index-D8G6cVLp.css HTTP/1.1" 200 -
::1 - - [01/Jun/2026 14:17:54] code 404, message File not found
::1 - - [01/Jun/2026 14:17:54] "GET /favicon.ico HTTP/1.1" 404 -
::1 - - [01/Jun/2026 14:18:11] "GET / HTTP/1.1" 200 -
::1 - - [01/Jun/2026 14:18:11] "GET /assets/index-DaSGNW7z.js HTTP/1.1" 200 -
::1 - - [01/Jun/2026 14:18:11] "GET /assets/index-D8G6cVLp.css HTTP/1.1" 200 -
::1 - - [01/Jun/2026 14:18:11] code 404, message File not found
::1 - - [01/Jun/2026 14:18:11] "GET /favicon.ico HTTP/1.1" 404 -
::1 - - [01/Jun/2026 14:22:11] "GET / HTTP/1.1" 200 -
::1 - - [01/Jun/2026 14:22:11] "GET /assets/index-D8G6cVLp.css HTTP/1.1" 200 -
::1 - - [01/Jun/2026 14:22:11] "GET /assets/index-Dvxw1gO2.js HTTP/1.1" 200 -
::1 - - [01/Jun/2026 14:22:11] code 404, message File not found
::1 - - [01/Jun/2026 14:22:11] "GET /favicon.ico HTTP/1.1" 404 -
::1 - - [01/Jun/2026 14:25:11] "GET / HTTP/1.1" 200 -
::1 - - [01/Jun/2026 14:25:11] "GET /assets/index-Dvxw1gO2.js HTTP/1.1" 200 -
::1 - - [01/Jun/2026 14:25:11] "GET /assets/index-D8G6cVLp.css HTTP/1.1" 200 -
::1 - - [01/Jun/2026 14:25:11] code 404, message File not found
::1 - - [01/Jun/2026 14:25:11] "GET /favicon.ico HTTP/1.1" 404 -
::1 - - [01/Jun/2026 14:29:06] code 404, message File not found
::1 - - [01/Jun/2026 14:29:06] "GET /main HTTP/1.1" 404 -
