请注意运行模式下，因日志输出、sourcemap 以及未压缩源码等原因，性能和包体积，均不及发行模式。
vite是按需编译，运行时点击某个未编译页面会先编译后加载，导致显示较慢，发行后无此问题。
编译器版本：5.08（vue3）
正在编译中...

uni-app 有新版本发布，请执行 `npx @dcloudio/uvm@latest alpha` 更新，更新日志详见：https://download1.dcloud.net.cn/hbuilderx/changelog/5.11.2026052520-alpha.html
[36m
  vite v5.2.8[39m[32m dev server running at:
[39m
  [32m➜[39m  [1mLocal[22m:   [36mhttp://localhost:[1m19088[22m/[39m
  [32m➜[39m  [1mNetwork[22m: [36mhttp://192.168.9.188:[1m19088[22m/[39m
  [32m➜[39m  [1mNetwork[22m: [36mhttp://172.17.133.65:[1m19088[22m/[39m

  [36mready in 5351ms.[39m

DEPRECATION WARNING [legacy-js-api]: The legacy JS API is deprecated and will be removed in Dart Sass 2.0.0.

More info: https://sass-lang.com/d/legacy-js-api

DEPRECATION WARNING [import]: Sass @import rules are deprecated and will be removed in Dart Sass 3.0.0.

More info and automated migrator: https://sass-lang.com/d/import

   ╷
41 │ @import "./uni.scss";
   │         ^^^^^^^^^^^^
   ╵
    App.vue 41:9  root stylesheet

DEPRECATION WARNING [legacy-js-api]: The legacy JS API is deprecated and will be removed in Dart Sass 2.0.0.

More info: https://sass-lang.com/d/legacy-js-api

[2m15:14:58[22m [31m[1m[vite][22m[39m [31msocket hang up[39m
DEPRECATION WARNING [legacy-js-api]: The legacy JS API is deprecated and will be removed in Dart Sass 2.0.0.

More info: https://sass-lang.com/d/legacy-js-api

DEPRECATION WARNING [legacy-js-api]: The legacy JS API is deprecated and will be removed in Dart Sass 2.0.0.

More info: https://sass-lang.com/d/legacy-js-api

DEPRECATION WARNING [legacy-js-api]: The legacy JS API is deprecated and will be removed in Dart Sass 2.0.0.

More info: https://sass-lang.com/d/legacy-js-api

[2m15:28:31[22m [36m[1m[vite][22m[39m [32mhmr update [39m[2m/App.vue, /pages/chat/index.vue, /pages/auth/login.vue[22m
[2m15:28:58[22m [36m[1m[vite][22m[39m [32mhmr update [39m[2m/App.vue?vue&type=style&index=0&lang.scss, /App.vue[22m
[2m15:30:34[22m [36m[1m[vite][22m[39m [32mhmr update [39m[2m/App.vue[22m
[2m15:36:47[22m [36m[1m[vite][22m[39m [32mhmr update [39m[2m/pages/auth/login.vue[22m
[2m15:36:47[22m [36m[1m[vite][22m[39m [32mhmr update [39m[2m/pages/chat/index.vue[22m
[2m15:36:47[22m [36m[1m[vite][22m[39m [32mhmr update [39m[2m/components/chat-item.vue[22m
[2m15:36:47[22m [36m[1m[vite][22m[39m [32mhmr update [39m[2m/components/quick-entry.vue[22m
[2m15:47:29[22m [36m[1m[vite][22m[39m [32mhmr update [39m[2m/App.vue?vue&type=style&index=0&lang.css[22m
[2m15:47:29[22m [36m[1m[vite][22m[39m [32mhmr update [39m[2m/components/quick-entry.vue?vue&type=style&index=0&scoped=2a6cfb0e&lang.css[22m
[2m15:47:29[22m [36m[1m[vite][22m[39m [32mhmr update [39m[2m/components/chat-item.vue?vue&type=style&index=0&scoped=ad18160c&lang.css[22m
[2m15:48:13[22m [36m[1m[vite][22m[39m [32mhmr update [39m[2m/pages/auth/login.vue?vue&type=style&index=0&scoped=2cc9f8c3&lang.css[22m
[2m15:48:13[22m [36m[1m[vite][22m[39m [32mhmr update [39m[2m/pages/chat/index.vue?vue&type=style&index=0&scoped=5a559478&lang.css, /pages/chat/index.vue[22m
[2m15:50:40[22m [36m[1m[vite][22m[39m [32mhmr update [39m[2m/App.vue?vue&type=style&index=0&lang.css[22m
[2m16:36:44[22m [36m[1m[vite][22m[39m [32mhmr update [39m[2m/App.vue?vue&type=style&index=0&lang.css[22m
[2m16:37:33[22m [36m[1m[vite][22m[39m [32mhmr update [39m[2m/components/quick-entry.vue?vue&type=style&index=0&scoped=2a6cfb0e&lang.css[22m
[2m16:38:08[22m [36m[1m[vite][22m[39m [32mhmr update [39m[2m/components/chat-item.vue?vue&type=style&index=0&scoped=ad18160c&lang.css[22m
[2m16:38:52[22m [36m[1m[vite][22m[39m [32mhmr update [39m[2m/components/contact-item.vue?vue&type=style&index=0&scoped=2b5b7172&lang.css[22m
[2m16:40:48[22m [36m[1m[vite][22m[39m [32mhmr update [39m[2m/pages/chat/index.vue?vue&type=style&index=0&scoped=5a559478&lang.css[22m
[2m16:41:50[22m [36m[1m[vite][22m[39m [32mhmr update [39m[2m/pages/contacts/index.vue?vue&type=style&index=0&scoped=822bb6ce&lang.css[22m
[2m16:43:03[22m [36m[1m[vite][22m[39m [32mhmr update [39m[2m/pages/discover/index.vue?vue&type=style&index=0&scoped=157e4766&lang.css[22m
[2m16:44:17[22m [36m[1m[vite][22m[39m [32mhmr update [39m[2m/pages/me/index.vue?vue&type=style&index=0&scoped=c8e26b33&lang.css[22m
[2m16:45:36[22m [36m[1m[vite][22m[39m [32mhmr update [39m[2m/pages/wallet/index.vue?vue&type=style&index=0&scoped=70996a17&lang.css[22m
[2m16:46:05[22m [36m[1m[vite][22m[39m [32mhmr update [39m[2m/pages/settings/index.vue[22m
[2m16:46:34[22m [36m[1m[vite][22m[39m [32mhmr update [39m[2m/components/quick-entry.vue?vue&type=style&index=0&scoped=2a6cfb0e&lang.css[22m
[2m17:02:20[22m [36m[1m[vite][22m[39m [32mhmr update [39m[2m/pages/feature-hub/index.vue?vue&type=style&index=0&scoped=c8832d49&lang.css, /pages/feature-hub/index.vue[22m
[2m17:12:07[22m [36m[1m[vite][22m[39m [32mhmr update [39m[2m/pages/chat/index.vue, /pages/chat/index.vue?vue&type=style&index=0&scoped=5a559478&lang.scss, /pages/chat/index.vue?vue&type=style&index=0&scoped=5a559478&lang.css[22m
[2m17:13:04[22m [36m[1m[vite][22m[39m [32mhmr update [39m[2m/pages/chat/index.vue, /pages/chat/index.vue?vue&type=style&index=0&scoped=5a559478&lang.scss, /pages/chat/index.vue?vue&type=style&index=0&scoped=5a559478&lang.css[22m
[2m17:13:48[22m [36m[1m[vite][22m[39m [32mhmr update [39m[2m/pages/contacts/index.vue, /pages/contacts/index.vue?vue&type=style&index=0&scoped=822bb6ce&lang.css[22m
[2m17:15:21[22m [36m[1m[vite][22m[39m [32mhmr update [39m[2m/pages/contacts/index.vue, /pages/contacts/index.vue?vue&type=style&index=0&scoped=822bb6ce&lang.css[22m
[2m17:16:00[22m [36m[1m[vite][22m[39m [32mhmr update [39m[2m/pages/discover/index.vue, /pages/discover/index.vue?vue&type=style&index=0&scoped=157e4766&lang.css[22m
[2m17:19:38[22m [36m[1m[vite][22m[39m [32mhmr update [39m[2m/pages/discover/index.vue, /pages/discover/index.vue?vue&type=style&index=0&scoped=157e4766&lang.css[22m
[2m17:20:08[22m [36m[1m[vite][22m[39m [32mhmr update [39m[2m/pages/me/index.vue?vue&type=style&index=0&scoped=c8e26b33&lang.css[22m
[2m17:20:38[22m [36m[1m[vite][22m[39m [32mhmr update [39m[2m/pages/settings/index.vue, /pages/settings/index.vue?vue&type=style&index=0&scoped=a11b3e9a&lang.css[22m
[2m17:21:43[22m [36m[1m[vite][22m[39m [32mhmr update [39m[2m/pages/settings/index.vue, /pages/settings/index.vue?vue&type=style&index=0&scoped=a11b3e9a&lang.css[22m
[2m17:27:04[22m [36m[1m[vite][22m[39m [32mhmr update [39m[2m/pages/moments/index.vue?vue&type=style&index=0&scoped=1d41a4eb&lang.css[22m
[2m17:44:59[22m [36m[1m[vite][22m[39m [32mhmr update [39m[2m/pages/me/index.vue?vue&type=style&index=0&scoped=c8e26b33&lang.css, /pages/me/index.vue[22m
[2m17:49:21[22m [36m[1m[vite][22m[39m [32mhmr update [39m[2m/pages/wallet/index.vue, /pages/wallet/index.vue?vue&type=style&index=0&scoped=70996a17&lang.css[22m
[2m18:03:10[22m [36m[1m[vite][22m[39m [32mhmr update [39m[2m/pages/wallet/index.vue[22m
[2m18:03:43[22m [36m[1m[vite][22m[39m [32mhmr update [39m[2m/pages/me/index.vue[22m
node:internal/child_process:502
      throw errnoException(err, 'kill');
      ^

Error: kill ENOSYS
    at ChildProcess.kill (node:internal/child_process:502:13)
    at process.<anonymous> (C:\openCode-AI\wei-you\weiyou-app\weiyou-frontend\node_modules\cross-env\src\index.js:27:37)
    at process.emit (node:events:517:28) {
  errno: -4054,
  code: 'ENOSYS',
  syscall: 'kill'
}

Node.js v18.20.0
