[INFO] Scanning for projects...
[INFO] 
[INFO] ---------------------< com.weiyou:weiyou-gateway >----------------------
[INFO] Building weiyou-gateway 0.1.0-SNAPSHOT
[INFO]   from pom.xml
[INFO] --------------------------------[ jar ]---------------------------------
[INFO] 
[INFO] >>> spring-boot:3.3.5:run (default-cli) > test-compile @ weiyou-gateway >>>
[INFO] 
[INFO] --- resources:3.3.1:resources (default-resources) @ weiyou-gateway ---
[INFO] Copying 1 resource from src\main\resources to target\classes
[INFO] Copying 0 resource from src\main\resources to target\classes
[INFO] 
[INFO] --- compiler:3.13.0:compile (default-compile) @ weiyou-gateway ---
[INFO] Nothing to compile - all classes are up to date.
[INFO] 
[INFO] --- resources:3.3.1:testResources (default-testResources) @ weiyou-gateway ---
[INFO] skip non existing resourceDirectory C:\openCode-AI\wei-you\weiyou-app\weiyou-backend\weiyou-boot\weiyou-gateway\src\test\resources
[INFO] 
[INFO] --- compiler:3.13.0:testCompile (default-testCompile) @ weiyou-gateway ---
[INFO] Nothing to compile - all classes are up to date.
[INFO] 
[INFO] <<< spring-boot:3.3.5:run (default-cli) < test-compile @ weiyou-gateway <<<
[INFO] 
[INFO] 
[INFO] --- spring-boot:3.3.5:run (default-cli) @ weiyou-gateway ---
[INFO] Attaching agents: []

  .   ____          _            __ _ _
 /\\ / ___'_ __ _ _(_)_ __  __ _ \ \ \ \
( ( )\___ | '_ | '_| | '_ \/ _` | \ \ \ \
 \\/  ___)| |_)| | | | | || (_| |  ) ) ) )
  '  |____| .__|_| |_|_| |_\__, | / / / /
 =========|_|==============|___/=/_/_/_/

 :: Spring Boot ::                (v3.3.5)

2026-05-19T11:06:09.270+08:00  INFO 179180 --- [weiyou-gateway] [           main] c.w.b.gateway.WeiyouGatewayApplication   : Starting WeiyouGatewayApplication using Java 21.0.7 with PID 179180 (C:\openCode-AI\wei-you\weiyou-app\weiyou-backend\weiyou-boot\weiyou-gateway\target\classes started by admin in C:\openCode-AI\wei-you\weiyou-app\weiyou-backend\weiyou-boot\weiyou-gateway)
2026-05-19T11:06:09.274+08:00  INFO 179180 --- [weiyou-gateway] [           main] c.w.b.gateway.WeiyouGatewayApplication   : No active profile set, falling back to 1 default profile: "default"
2026-05-19T11:06:10.285+08:00  INFO 179180 --- [weiyou-gateway] [           main] .s.d.r.c.RepositoryConfigurationDelegate : Multiple Spring Data modules found, entering strict repository configuration mode
2026-05-19T11:06:10.289+08:00  INFO 179180 --- [weiyou-gateway] [           main] .s.d.r.c.RepositoryConfigurationDelegate : Bootstrapping Spring Data Redis repositories in DEFAULT mode.
2026-05-19T11:06:10.323+08:00  INFO 179180 --- [weiyou-gateway] [           main] .s.d.r.c.RepositoryConfigurationDelegate : Finished Spring Data repository scanning in 16 ms. Found 0 Redis repository interfaces.
2026-05-19T11:06:10.508+08:00  INFO 179180 --- [weiyou-gateway] [           main] o.s.cloud.context.scope.GenericScope     : BeanFactory id=eb8b7df4-6b8d-3626-97a2-66caebc53d40
2026-05-19T11:06:11.881+08:00  INFO 179180 --- [weiyou-gateway] [           main] o.s.c.g.r.RouteDefinitionRouteLocator    : Loaded RoutePredicateFactory [After]
2026-05-19T11:06:11.881+08:00  INFO 179180 --- [weiyou-gateway] [           main] o.s.c.g.r.RouteDefinitionRouteLocator    : Loaded RoutePredicateFactory [Before]
2026-05-19T11:06:11.881+08:00  INFO 179180 --- [weiyou-gateway] [           main] o.s.c.g.r.RouteDefinitionRouteLocator    : Loaded RoutePredicateFactory [Between]
2026-05-19T11:06:11.881+08:00  INFO 179180 --- [weiyou-gateway] [           main] o.s.c.g.r.RouteDefinitionRouteLocator    : Loaded RoutePredicateFactory [Cookie]
2026-05-19T11:06:11.881+08:00  INFO 179180 --- [weiyou-gateway] [           main] o.s.c.g.r.RouteDefinitionRouteLocator    : Loaded RoutePredicateFactory [Header]
2026-05-19T11:06:11.881+08:00  INFO 179180 --- [weiyou-gateway] [           main] o.s.c.g.r.RouteDefinitionRouteLocator    : Loaded RoutePredicateFactory [Host]
2026-05-19T11:06:11.881+08:00  INFO 179180 --- [weiyou-gateway] [           main] o.s.c.g.r.RouteDefinitionRouteLocator    : Loaded RoutePredicateFactory [Method]
2026-05-19T11:06:11.881+08:00  INFO 179180 --- [weiyou-gateway] [           main] o.s.c.g.r.RouteDefinitionRouteLocator    : Loaded RoutePredicateFactory [Path]
2026-05-19T11:06:11.881+08:00  INFO 179180 --- [weiyou-gateway] [           main] o.s.c.g.r.RouteDefinitionRouteLocator    : Loaded RoutePredicateFactory [Query]
2026-05-19T11:06:11.882+08:00  INFO 179180 --- [weiyou-gateway] [           main] o.s.c.g.r.RouteDefinitionRouteLocator    : Loaded RoutePredicateFactory [ReadBody]
2026-05-19T11:06:11.882+08:00  INFO 179180 --- [weiyou-gateway] [           main] o.s.c.g.r.RouteDefinitionRouteLocator    : Loaded RoutePredicateFactory [RemoteAddr]
2026-05-19T11:06:11.882+08:00  INFO 179180 --- [weiyou-gateway] [           main] o.s.c.g.r.RouteDefinitionRouteLocator    : Loaded RoutePredicateFactory [XForwardedRemoteAddr]
2026-05-19T11:06:11.882+08:00  INFO 179180 --- [weiyou-gateway] [           main] o.s.c.g.r.RouteDefinitionRouteLocator    : Loaded RoutePredicateFactory [Weight]
2026-05-19T11:06:11.882+08:00  INFO 179180 --- [weiyou-gateway] [           main] o.s.c.g.r.RouteDefinitionRouteLocator    : Loaded RoutePredicateFactory [CloudFoundryRouteService]
2026-05-19T11:06:12.124+08:00  INFO 179180 --- [weiyou-gateway] [           main] o.s.b.a.e.web.EndpointLinksResolver      : Exposing 2 endpoints beneath base path '/actuator'
2026-05-19T11:06:14.595+08:00  WARN 179180 --- [weiyou-gateway] [           main] onfigReactiveWebServerApplicationContext : Exception encountered during context initialization - cancelling refresh attempt: org.springframework.context.ApplicationContextException: Failed to start bean 'webServerStartStop'
2026-05-19T11:06:14.616+08:00  INFO 179180 --- [weiyou-gateway] [           main] .s.b.a.l.ConditionEvaluationReportLogger : 

Error starting ApplicationContext. To display the condition evaluation report re-run your application with 'debug' enabled.
2026-05-19T11:06:14.637+08:00 ERROR 179180 --- [weiyou-gateway] [           main] o.s.b.d.LoggingFailureAnalysisReporter   : 

***************************
APPLICATION FAILED TO START
***************************

Description:

Web server failed to start. Port 8090 was already in use.

Action:

Identify and stop the process that's listening on port 8090 or configure this application to listen on another port.

[INFO] ------------------------------------------------------------------------
[INFO] BUILD FAILURE
[INFO] ------------------------------------------------------------------------
[INFO] Total time:  11.230 s
[INFO] Finished at: 2026-05-19T11:06:15+08:00
[INFO] ------------------------------------------------------------------------
[ERROR] Failed to execute goal org.springframework.boot:spring-boot-maven-plugin:3.3.5:run (default-cli) on project weiyou-gateway: Process terminated with exit code: 1 -> [Help 1]
[ERROR] 
[ERROR] To see the full stack trace of the errors, re-run Maven with the -e switch.
[ERROR] Re-run Maven using the -X switch to enable full debug logging.
[ERROR] 
[ERROR] For more information about the errors and possible solutions, please read the following articles:
[ERROR] [Help 1] http://cwiki.apache.org/confluence/display/MAVEN/MojoExecutionException
