
  .   ____          _            __ _ _
 /\\ / ___'_ __ _ _(_)_ __  __ _ \ \ \ \
( ( )\___ | '_ | '_| | '_ \/ _` | \ \ \ \
 \\/  ___)| |_)| | | | | || (_| |  ) ) ) )
  '  |____| .__|_| |_|_| |_\__, | / / / /
 =========|_|==============|___/=/_/_/_/

 :: Spring Boot ::                (v3.3.5)

2026-06-02T16:49:56.078+08:00  INFO 64008 --- [weiyou-im-gateway] [           main] c.w.boot.im.WeiyouImGatewayApplication   : Starting WeiyouImGatewayApplication v0.1.0-SNAPSHOT using Java 21.0.7 with PID 64008 (C:\openCode-AI\wei-you\weiyou-app\weiyou-backend\weiyou-boot\weiyou-im-gateway\target\weiyou-im-gateway-0.1.0-SNAPSHOT.jar started by admin in C:\openCode-AI\wei-you\weiyou-app)
2026-06-02T16:49:56.081+08:00  INFO 64008 --- [weiyou-im-gateway] [           main] c.w.boot.im.WeiyouImGatewayApplication   : No active profile set, falling back to 1 default profile: "default"
2026-06-02T16:49:59.426+08:00  INFO 64008 --- [weiyou-im-gateway] [           main] .s.d.r.c.RepositoryConfigurationDelegate : Multiple Spring Data modules found, entering strict repository configuration mode
2026-06-02T16:49:59.441+08:00  INFO 64008 --- [weiyou-im-gateway] [           main] .s.d.r.c.RepositoryConfigurationDelegate : Bootstrapping Spring Data Redis repositories in DEFAULT mode.
2026-06-02T16:49:59.588+08:00  INFO 64008 --- [weiyou-im-gateway] [           main] .s.d.r.c.RepositoryConfigurationDelegate : Finished Spring Data repository scanning in 39 ms. Found 0 Redis repository interfaces.
2026-06-02T16:50:01.571+08:00  INFO 64008 --- [weiyou-im-gateway] [           main] o.s.b.w.embedded.tomcat.TomcatWebServer  : Tomcat initialized with port 18081 (http)
2026-06-02T16:50:01.616+08:00  INFO 64008 --- [weiyou-im-gateway] [           main] o.apache.catalina.core.StandardService   : Starting service [Tomcat]
2026-06-02T16:50:01.616+08:00  INFO 64008 --- [weiyou-im-gateway] [           main] o.apache.catalina.core.StandardEngine    : Starting Servlet engine: [Apache Tomcat/10.1.31]
2026-06-02T16:50:01.778+08:00  INFO 64008 --- [weiyou-im-gateway] [           main] o.a.c.c.C.[Tomcat].[localhost].[/]       : Initializing Spring embedded WebApplicationContext
2026-06-02T16:50:01.780+08:00  INFO 64008 --- [weiyou-im-gateway] [           main] w.s.c.ServletWebServerApplicationContext : Root WebApplicationContext: initialization completed in 5537 ms
2026-06-02T16:50:04.703+08:00  WARN 64008 --- [weiyou-im-gateway] [           main] .s.s.UserDetailsServiceAutoConfiguration : 

Using generated security password: 35f8ad20-c7a2-4b4e-9eae-345d06f22f34

This generated password is for development use only. Your security configuration must be updated before running your application in production.

2026-06-02T16:50:04.738+08:00  INFO 64008 --- [weiyou-im-gateway] [           main] r$InitializeUserDetailsManagerConfigurer : Global AuthenticationManager configured with UserDetailsService bean with name inMemoryUserDetailsManager
2026-06-02T16:50:05.926+08:00  INFO 64008 --- [weiyou-im-gateway] [           main] o.s.b.a.e.web.EndpointLinksResolver      : Exposing 2 endpoints beneath base path '/actuator'
2026-06-02T16:50:08.048+08:00  INFO 64008 --- [weiyou-im-gateway] [           main] o.s.b.w.embedded.tomcat.TomcatWebServer  : Tomcat started on port 18081 (http) with context path '/'
2026-06-02T16:50:08.074+08:00  INFO 64008 --- [weiyou-im-gateway] [           main] c.w.boot.im.WeiyouImGatewayApplication   : Started WeiyouImGatewayApplication in 12.965 seconds (process running for 14.12)
2026-06-02T16:52:31.852+08:00  INFO 64008 --- [weiyou-im-gateway] [io-18081-exec-1] o.a.c.c.C.[Tomcat].[localhost].[/]       : Initializing Spring DispatcherServlet 'dispatcherServlet'
2026-06-02T16:52:31.852+08:00  INFO 64008 --- [weiyou-im-gateway] [io-18081-exec-1] o.s.web.servlet.DispatcherServlet        : Initializing Servlet 'dispatcherServlet'
2026-06-02T16:52:31.853+08:00  INFO 64008 --- [weiyou-im-gateway] [io-18081-exec-1] o.s.web.servlet.DispatcherServlet        : Completed initialization in 1 ms
