[INFO] Scanning for projects...
[INFO] 
[INFO] --------------------< com.weiyou:weiyou-im-gateway >--------------------
[INFO] Building weiyou-im-gateway 0.1.0-SNAPSHOT
[INFO]   from pom.xml
[INFO] --------------------------------[ jar ]---------------------------------
[INFO] 
[INFO] >>> spring-boot:3.3.5:run (default-cli) > test-compile @ weiyou-im-gateway >>>
[INFO] 
[INFO] --- resources:3.3.1:resources (default-resources) @ weiyou-im-gateway ---
[INFO] Copying 1 resource from src\main\resources to target\classes
[INFO] Copying 0 resource from src\main\resources to target\classes
[INFO] 
[INFO] --- compiler:3.13.0:compile (default-compile) @ weiyou-im-gateway ---
[INFO] Nothing to compile - all classes are up to date.
[INFO] 
[INFO] --- resources:3.3.1:testResources (default-testResources) @ weiyou-im-gateway ---
[INFO] skip non existing resourceDirectory C:\openCode-AI\wei-you\weiyou-app\weiyou-backend\weiyou-boot\weiyou-im-gateway\src\test\resources
[INFO] 
[INFO] --- compiler:3.13.0:testCompile (default-testCompile) @ weiyou-im-gateway ---
[INFO] Nothing to compile - all classes are up to date.
[INFO] 
[INFO] <<< spring-boot:3.3.5:run (default-cli) < test-compile @ weiyou-im-gateway <<<
[INFO] 
[INFO] 
[INFO] --- spring-boot:3.3.5:run (default-cli) @ weiyou-im-gateway ---
[INFO] Attaching agents: []

  .   ____          _            __ _ _
 /\\ / ___'_ __ _ _(_)_ __  __ _ \ \ \ \
( ( )\___ | '_ | '_| | '_ \/ _` | \ \ \ \
 \\/  ___)| |_)| | | | | || (_| |  ) ) ) )
  '  |____| .__|_| |_|_| |_\__, | / / / /
 =========|_|==============|___/=/_/_/_/

 :: Spring Boot ::                (v3.3.5)

2026-06-01T13:17:40.961+08:00  INFO 154388 --- [weiyou-im-gateway] [           main] c.w.boot.im.WeiyouImGatewayApplication   : Starting WeiyouImGatewayApplication using Java 21.0.7 with PID 154388 (C:\openCode-AI\wei-you\weiyou-app\weiyou-backend\weiyou-boot\weiyou-im-gateway\target\classes started by admin in C:\openCode-AI\wei-you\weiyou-app\weiyou-backend\weiyou-boot\weiyou-im-gateway)
2026-06-01T13:17:40.964+08:00  INFO 154388 --- [weiyou-im-gateway] [           main] c.w.boot.im.WeiyouImGatewayApplication   : No active profile set, falling back to 1 default profile: "default"
2026-06-01T13:17:43.619+08:00  INFO 154388 --- [weiyou-im-gateway] [           main] .s.d.r.c.RepositoryConfigurationDelegate : Multiple Spring Data modules found, entering strict repository configuration mode
2026-06-01T13:17:43.625+08:00  INFO 154388 --- [weiyou-im-gateway] [           main] .s.d.r.c.RepositoryConfigurationDelegate : Bootstrapping Spring Data Redis repositories in DEFAULT mode.
2026-06-01T13:17:43.682+08:00  INFO 154388 --- [weiyou-im-gateway] [           main] .s.d.r.c.RepositoryConfigurationDelegate : Finished Spring Data repository scanning in 33 ms. Found 0 Redis repository interfaces.
2026-06-01T13:17:44.838+08:00  INFO 154388 --- [weiyou-im-gateway] [           main] o.s.b.w.embedded.tomcat.TomcatWebServer  : Tomcat initialized with port 19081 (http)
2026-06-01T13:17:44.864+08:00  INFO 154388 --- [weiyou-im-gateway] [           main] o.apache.catalina.core.StandardService   : Starting service [Tomcat]
2026-06-01T13:17:44.864+08:00  INFO 154388 --- [weiyou-im-gateway] [           main] o.apache.catalina.core.StandardEngine    : Starting Servlet engine: [Apache Tomcat/10.1.31]
2026-06-01T13:17:44.997+08:00  INFO 154388 --- [weiyou-im-gateway] [           main] o.a.c.c.C.[Tomcat].[localhost].[/]       : Initializing Spring embedded WebApplicationContext
2026-06-01T13:17:44.998+08:00  INFO 154388 --- [weiyou-im-gateway] [           main] w.s.c.ServletWebServerApplicationContext : Root WebApplicationContext: initialization completed in 3899 ms
2026-06-01T13:17:46.600+08:00  WARN 154388 --- [weiyou-im-gateway] [           main] .s.s.UserDetailsServiceAutoConfiguration : 

Using generated security password: 27aad5cd-e488-4bf4-8d7f-7f7e27e6c9cb

This generated password is for development use only. Your security configuration must be updated before running your application in production.

2026-06-01T13:17:46.609+08:00  INFO 154388 --- [weiyou-im-gateway] [           main] r$InitializeUserDetailsManagerConfigurer : Global AuthenticationManager configured with UserDetailsService bean with name inMemoryUserDetailsManager
2026-06-01T13:17:47.066+08:00  INFO 154388 --- [weiyou-im-gateway] [           main] o.s.b.a.e.web.EndpointLinksResolver      : Exposing 2 endpoints beneath base path '/actuator'
2026-06-01T13:17:47.790+08:00  INFO 154388 --- [weiyou-im-gateway] [           main] o.s.b.w.embedded.tomcat.TomcatWebServer  : Tomcat started on port 19081 (http) with context path '/'
2026-06-01T13:17:47.813+08:00  INFO 154388 --- [weiyou-im-gateway] [           main] c.w.boot.im.WeiyouImGatewayApplication   : Started WeiyouImGatewayApplication in 7.847 seconds (process running for 8.743)
2026-06-01T13:18:10.912+08:00  INFO 154388 --- [weiyou-im-gateway] [io-19081-exec-1] o.a.c.c.C.[Tomcat].[localhost].[/]       : Initializing Spring DispatcherServlet 'dispatcherServlet'
2026-06-01T13:18:10.913+08:00  INFO 154388 --- [weiyou-im-gateway] [io-19081-exec-1] o.s.web.servlet.DispatcherServlet        : Initializing Servlet 'dispatcherServlet'
2026-06-01T13:18:10.924+08:00  INFO 154388 --- [weiyou-im-gateway] [io-19081-exec-1] o.s.web.servlet.DispatcherServlet        : Completed initialization in 11 ms
2026-06-01T13:18:11.110+08:00  INFO 154388 --- [weiyou-im-gateway] [io-19081-exec-1] com.zaxxer.hikari.HikariDataSource       : HikariPool-1 - Starting...
2026-06-01T13:18:11.156+08:00  INFO 154388 --- [weiyou-im-gateway] [io-19081-exec-1] com.zaxxer.hikari.HikariDataSource       : HikariPool-1 - Start completed.
